0 info it worked if it ends with ok
1 verbose cli [ '/usr/local/bin/node', '/usr/local/bin/npm', 'run', 'test' ]
2 info using npm@3.8.3
3 info using node@v5.10.1
4 verbose run-script [ 'pretest', 'test', 'posttest' ]
5 info lifecycle view-and-data@2.0.0~pretest: view-and-data@2.0.0
6 silly lifecycle view-and-data@2.0.0~pretest: no script for pretest, continuing
7 info lifecycle view-and-data@2.0.0~test: view-and-data@2.0.0
8 verbose lifecycle view-and-data@2.0.0~test: unsafe-perm in lifecycle true
9 verbose lifecycle view-and-data@2.0.0~test: PATH: /usr/local/lib/node_modules/npm/bin/node-gyp-bin:/Users/leefsmp/Dropbox/projects/view-and-data-npm/node_modules/.bin:/usr/local/bin:/Library/Frameworks/Python.framework/Versions/3.4/bin:/Applications/BB10 WebWorks SDK 2.1.0.13:/Applications/BB10 WebWorks SDK 2.1.0.13/cordova-blackberry/bin/dependencies/bb-tools/bin:/usr/bin:/bin:/usr/sbin:/sbin:/usr/local/bin:/Developer/android-sdk/platform-tools:/Developer/android-sdk/android-ndk-r10d:/Developer/maven/bin:/usr/local/git/bin:/Developer/android-sdk/platform-tools:/Developer/android-sdk/tools:/Developer/android-sdk/android-ndk-r10d:/Applications/mongodb-3.0.5/bin
10 verbose lifecycle view-and-data@2.0.0~test: CWD: /Users/leefsmp/Dropbox/projects/view-and-data-npm
11 silly lifecycle view-and-data@2.0.0~test: Args: [ '-c', 'make test' ]
12 silly lifecycle view-and-data@2.0.0~test: Returned: code: 2  signal: null
13 info lifecycle view-and-data@2.0.0~test: Failed to exec test script
14 verbose stack Error: view-and-data@2.0.0 test: `make test`
14 verbose stack Exit status 2
14 verbose stack     at EventEmitter.<anonymous> (/usr/local/lib/node_modules/npm/lib/utils/lifecycle.js:239:16)
14 verbose stack     at emitTwo (events.js:100:13)
14 verbose stack     at EventEmitter.emit (events.js:185:7)
14 verbose stack     at ChildProcess.<anonymous> (/usr/local/lib/node_modules/npm/lib/utils/spawn.js:24:14)
14 verbose stack     at emitTwo (events.js:100:13)
14 verbose stack     at ChildProcess.emit (events.js:185:7)
14 verbose stack     at maybeClose (internal/child_process.js:850:16)
14 verbose stack     at Process.ChildProcess._handle.onexit (internal/child_process.js:215:5)
15 verbose pkgid view-and-data@2.0.0
16 verbose cwd /Users/leefsmp/Dropbox/projects/view-and-data-npm
17 error Darwin 14.5.0
18 error argv "/usr/local/bin/node" "/usr/local/bin/npm" "run" "test"
19 error node v5.10.1
20 error npm  v3.8.3
21 error code ELIFECYCLE
22 error view-and-data@2.0.0 test: `make test`
22 error Exit status 2
23 error Failed at the view-and-data@2.0.0 test script 'make test'.
23 error Make sure you have the latest version of node.js and npm installed.
23 error If you do, this is most likely a problem with the view-and-data package,
23 error not with npm itself.
23 error Tell the author that this fails on your system:
23 error     make test
23 error You can get information on how to open an issue for this project with:
23 error     npm bugs view-and-data
23 error Or if that isn't available, you can get their info via:
23 error     npm owner ls view-and-data
23 error There is likely additional logging output above.
24 verbose exit [ 1, true ]
